Determining if the CL_VERSION_2_0 exist failed with the following output:
Change Dir: /home/nomoko/Downloads/custom_fork_thnets/thnets/build/CMakeFiles/CMakeTmp

Run Build Command:"/usr/bin/make" "cmTryCompileExec1368114843/fast"
/usr/bin/make -f CMakeFiles/cmTryCompileExec1368114843.dir/build.make CMakeFiles/cmTryCompileExec1368114843.dir/build
make[1]: Entering directory `/home/nomoko/Downloads/custom_fork_thnets/thnets/build/CMakeFiles/CMakeTmp'
/usr/bin/cmake -E cmake_progress_report /home/nomoko/Downloads/custom_fork_thnets/thnets/build/CMakeFiles/CMakeTmp/CMakeFiles 1
Building C object CMakeFiles/cmTryCompileExec1368114843.dir/CheckSymbolExists.c.o
/usr/bin/cc   -fopenmp -fPIC -L/usr/local/cuda/lib64    -o CMakeFiles/cmTryCompileExec1368114843.dir/CheckSymbolExists.c.o   -c /home/nomoko/Downloads/custom_fork_thnets/thnets/build/CMakeFiles/CMakeTmp/CheckSymbolExists.c
/home/nomoko/Downloads/custom_fork_thnets/thnets/build/CMakeFiles/CMakeTmp/CheckSymbolExists.c:2:47: fatal error: OpenCL_INCLUDE_DIR-NOTFOUND/CL/cl.h: No such file or directory
 #include <OpenCL_INCLUDE_DIR-NOTFOUND/CL/cl.h>
                                               ^
compilation terminated.
make[1]: *** [CMakeFiles/cmTryCompileExec1368114843.dir/CheckSymbolExists.c.o] Error 1
make[1]: Leaving directory `/home/nomoko/Downloads/custom_fork_thnets/thnets/build/CMakeFiles/CMakeTmp'
make: *** [cmTryCompileExec1368114843/fast] Error 2

File /home/nomoko/Downloads/custom_fork_thnets/thnets/build/CMakeFiles/CMakeTmp/CheckSymbolExists.c:
/* */
#include <OpenCL_INCLUDE_DIR-NOTFOUND/CL/cl.h>

int main(int argc, char** argv)
{
  (void)argv;
#ifndef CL_VERSION_2_0
  return ((int*)(&CL_VERSION_2_0))[argc];
#else
  (void)argc;
  return 0;
#endif
}

Determining if the CL_VERSION_1_2 exist failed with the following output:
Change Dir: /home/nomoko/Downloads/custom_fork_thnets/thnets/build/CMakeFiles/CMakeTmp

Run Build Command:"/usr/bin/make" "cmTryCompileExec3965694858/fast"
/usr/bin/make -f CMakeFiles/cmTryCompileExec3965694858.dir/build.make CMakeFiles/cmTryCompileExec3965694858.dir/build
make[1]: Entering directory `/home/nomoko/Downloads/custom_fork_thnets/thnets/build/CMakeFiles/CMakeTmp'
/usr/bin/cmake -E cmake_progress_report /home/nomoko/Downloads/custom_fork_thnets/thnets/build/CMakeFiles/CMakeTmp/CMakeFiles 1
Building C object CMakeFiles/cmTryCompileExec3965694858.dir/CheckSymbolExists.c.o
/usr/bin/cc   -fopenmp -fPIC -L/usr/local/cuda/lib64    -o CMakeFiles/cmTryCompileExec3965694858.dir/CheckSymbolExists.c.o   -c /home/nomoko/Downloads/custom_fork_thnets/thnets/build/CMakeFiles/CMakeTmp/CheckSymbolExists.c
/home/nomoko/Downloads/custom_fork_thnets/thnets/build/CMakeFiles/CMakeTmp/CheckSymbolExists.c:2:47: fatal error: OpenCL_INCLUDE_DIR-NOTFOUND/CL/cl.h: No such file or directory
 #include <OpenCL_INCLUDE_DIR-NOTFOUND/CL/cl.h>
                                               ^
compilation terminated.
make[1]: *** [CMakeFiles/cmTryCompileExec3965694858.dir/CheckSymbolExists.c.o] Error 1
make[1]: Leaving directory `/home/nomoko/Downloads/custom_fork_thnets/thnets/build/CMakeFiles/CMakeTmp'
make: *** [cmTryCompileExec3965694858/fast] Error 2

File /home/nomoko/Downloads/custom_fork_thnets/thnets/build/CMakeFiles/CMakeTmp/CheckSymbolExists.c:
/* */
#include <OpenCL_INCLUDE_DIR-NOTFOUND/CL/cl.h>

int main(int argc, char** argv)
{
  (void)argv;
#ifndef CL_VERSION_1_2
  return ((int*)(&CL_VERSION_1_2))[argc];
#else
  (void)argc;
  return 0;
#endif
}

Determining if the CL_VERSION_1_1 exist failed with the following output:
Change Dir: /home/nomoko/Downloads/custom_fork_thnets/thnets/build/CMakeFiles/CMakeTmp

Run Build Command:"/usr/bin/make" "cmTryCompileExec2155398278/fast"
/usr/bin/make -f CMakeFiles/cmTryCompileExec2155398278.dir/build.make CMakeFiles/cmTryCompileExec2155398278.dir/build
make[1]: Entering directory `/home/nomoko/Downloads/custom_fork_thnets/thnets/build/CMakeFiles/CMakeTmp'
/usr/bin/cmake -E cmake_progress_report /home/nomoko/Downloads/custom_fork_thnets/thnets/build/CMakeFiles/CMakeTmp/CMakeFiles 1
Building C object CMakeFiles/cmTryCompileExec2155398278.dir/CheckSymbolExists.c.o
/usr/bin/cc   -fopenmp -fPIC -L/usr/local/cuda/lib64    -o CMakeFiles/cmTryCompileExec2155398278.dir/CheckSymbolExists.c.o   -c /home/nomoko/Downloads/custom_fork_thnets/thnets/build/CMakeFiles/CMakeTmp/CheckSymbolExists.c
/home/nomoko/Downloads/custom_fork_thnets/thnets/build/CMakeFiles/CMakeTmp/CheckSymbolExists.c:2:47: fatal error: OpenCL_INCLUDE_DIR-NOTFOUND/CL/cl.h: No such file or directory
 #include <OpenCL_INCLUDE_DIR-NOTFOUND/CL/cl.h>
                                               ^
compilation terminated.
make[1]: *** [CMakeFiles/cmTryCompileExec2155398278.dir/CheckSymbolExists.c.o] Error 1
make[1]: Leaving directory `/home/nomoko/Downloads/custom_fork_thnets/thnets/build/CMakeFiles/CMakeTmp'
make: *** [cmTryCompileExec2155398278/fast] Error 2

File /home/nomoko/Downloads/custom_fork_thnets/thnets/build/CMakeFiles/CMakeTmp/CheckSymbolExists.c:
/* */
#include <OpenCL_INCLUDE_DIR-NOTFOUND/CL/cl.h>

int main(int argc, char** argv)
{
  (void)argv;
#ifndef CL_VERSION_1_1
  return ((int*)(&CL_VERSION_1_1))[argc];
#else
  (void)argc;
  return 0;
#endif
}

Determining if the CL_VERSION_1_0 exist failed with the following output:
Change Dir: /home/nomoko/Downloads/custom_fork_thnets/thnets/build/CMakeFiles/CMakeTmp

Run Build Command:"/usr/bin/make" "cmTryCompileExec549932220/fast"
/usr/bin/make -f CMakeFiles/cmTryCompileExec549932220.dir/build.make CMakeFiles/cmTryCompileExec549932220.dir/build
make[1]: Entering directory `/home/nomoko/Downloads/custom_fork_thnets/thnets/build/CMakeFiles/CMakeTmp'
/usr/bin/cmake -E cmake_progress_report /home/nomoko/Downloads/custom_fork_thnets/thnets/build/CMakeFiles/CMakeTmp/CMakeFiles 1
Building C object CMakeFiles/cmTryCompileExec549932220.dir/CheckSymbolExists.c.o
/usr/bin/cc   -fopenmp -fPIC -L/usr/local/cuda/lib64    -o CMakeFiles/cmTryCompileExec549932220.dir/CheckSymbolExists.c.o   -c /home/nomoko/Downloads/custom_fork_thnets/thnets/build/CMakeFiles/CMakeTmp/CheckSymbolExists.c
/home/nomoko/Downloads/custom_fork_thnets/thnets/build/CMakeFiles/CMakeTmp/CheckSymbolExists.c:2:47: fatal error: OpenCL_INCLUDE_DIR-NOTFOUND/CL/cl.h: No such file or directory
 #include <OpenCL_INCLUDE_DIR-NOTFOUND/CL/cl.h>
                                               ^
compilation terminated.
make[1]: Leaving directory `/home/nomoko/Downloads/custom_fork_thnets/thnets/build/CMakeFiles/CMakeTmp'
make[1]: *** [CMakeFiles/cmTryCompileExec549932220.dir/CheckSymbolExists.c.o] Error 1
make: *** [cmTryCompileExec549932220/fast] Error 2

File /home/nomoko/Downloads/custom_fork_thnets/thnets/build/CMakeFiles/CMakeTmp/CheckSymbolExists.c:
/* */
#include <OpenCL_INCLUDE_DIR-NOTFOUND/CL/cl.h>

int main(int argc, char** argv)
{
  (void)argv;
#ifndef CL_VERSION_1_0
  return ((int*)(&CL_VERSION_1_0))[argc];
#else
  (void)argc;
  return 0;
#endif
}

